[0806/131346.658:ERROR:process_reader_win.cc(151)] SuspendThread: Access is denied. (0x5)
[0806/131346.674:ERROR:process_reader_win.cc(151)] SuspendThread: Access is denied. (0x5)
[0806/131346.674:ERROR:process_reader_win.cc(151)] SuspendThread: Access is denied. (0x5)
[0806/131346.768:ERROR:exception_snapshot_win.cc(98)] thread ID 8140 not found in process
[0806/131346.768:ERROR:process_reader_win.cc(151)] SuspendThread: Access is denied. (0x5)
[0806/131346.768:ERROR:process_reader_win.cc(151)] SuspendThread: Access is denied. (0x5)
[0806/131346.768:ERROR:process_reader_win.cc(151)] SuspendThread: Access is denied. (0x5)
[0806/131346.768:ERROR:process_reader_win.cc(151)] SuspendThread: Access is denied. (0x5)
[0806/131346.768:ERROR:process_reader_win.cc(151)] SuspendThread: Access is denied. (0x5)
[0806/131346.768:ERROR:process_reader_win.cc(151)] SuspendThread: Access is denied. (0x5)
[0806/131346.768:ERROR:process_reader_win.cc(151)] SuspendThread: Access is denied. (0x5)
[0806/131346.768:ERROR:process_reader_win.cc(151)] SuspendThread: Access is denied. (0x5)
[0806/131346.768:ERROR:process_reader_win.cc(151)] SuspendThread: Access is denied. (0x5)
[0806/131346.768:ERROR:process_reader_win.cc(151)] SuspendThread: Access is denied. (0x5)
[0806/131346.783:ERROR:process_reader_win.cc(151)] SuspendThread: Access is denied. (0x5)
[0806/131346.783:ERROR:process_reader_win.cc(151)] SuspendThread: Access is denied. (0x5)
[0806/131346.783:ERROR:process_reader_win.cc(151)] SuspendThread: Access is denied. (0x5)
[0806/131346.783:ERROR:process_reader_win.cc(151)] SuspendThread: Access is denied. (0x5)
[0806/131346.658:ERROR:process_reader_win.cc(151)] SuspendThread: Access is denied. (0x5)
[0806/131346.783:ERROR:process_reader_win.cc(151)] SuspendThread: Access is denied. (0x5)
[0806/131346.783:ERROR:process_reader_win.cc(151)] SuspendThread: Access is denied. (0x5)
[0806/131346.783:ERROR:process_reader_win.cc(151)] SuspendThread: Access is denied. (0x5)
[0806/131346.783:ERROR:process_reader_win.cc(151)] SuspendThread: Access is denied. (0x5)
[0806/131346.783:ERROR:process_reader_win.cc(151)] SuspendThread: Access is denied. (0x5)
[0806/131346.783:ERROR:process_reader_win.cc(151)] SuspendThread: Access is denied. (0x5)
[0806/131346.783:ERROR:process_reader_win.cc(151)] SuspendThread: Access is denied. (0x5)
[0806/131346.783:ERROR:process_reader_win.cc(151)] SuspendThread: Access is denied. (0x5)
[0806/131346.658:ERROR:process_reader_win.cc(123)] NtOpenThread: {Access Denied} A process has requested access to an object, but has not been granted those access rights. (0xc0000022)
[0806/131346.658:ERROR:process_reader_win.cc(123)] NtOpenThread: {Access Denied} A process has requested access to an object, but has not been granted those access rights. (0xc0000022)
[0806/131346.783:ERROR:process_reader_win.cc(123)] NtOpenThread: {Access Denied} A process has requested access to an object, but has not been granted those access rights. (0xc0000022)
[0806/131346.783:ERROR:process_reader_win.cc(123)] NtOpenThread: {Access Denied} A process has requested access to an object, but has not been granted those access rights. (0xc0000022)
[0806/131346.674:ERROR:process_reader_win.cc(123)] NtOpenThread: {Access Denied} A process has requested access to an object, but has not been granted those access rights. (0xc0000022)
[0806/131346.674:ERROR:process_reader_win.cc(123)] NtOpenThread: {Access Denied} A process has requested access to an object, but has not been granted those access rights. (0xc0000022)
[0806/131346.783:ERROR:process_reader_win.cc(123)] NtOpenThread: {Access Denied} A process has requested access to an object, but has not been granted those access rights. (0xc0000022)
[0806/131346.799:ERROR:exception_snapshot_win.cc(98)] thread ID 6468 not found in process
[0806/131346.643:ERROR:scoped_process_suspend.cc(31)] NtSuspendProcess: An attempt was made to access an exiting process. (0xc000010a)
[0806/131346.799:ERROR:exception_snapshot_win.cc(98)] thread ID 8148 not found in process
[0806/131346.799:ERROR:exception_snapshot_win.cc(98)] thread ID 8144 not found in process
[0806/131346.768:ERROR:scoped_process_suspend.cc(40)] NtResumeProcess: An attempt was made to access an exiting process. (0xc000010a)
[0806/131346.799:ERROR:exception_snapshot_win.cc(98)] thread ID 7404 not found in process
[0806/131346.799:ERROR:process_info.cc(118)] ReadProcessMemory bool __cdecl crashpad::(anonymous namespace)::ReadStruct(HANDLE, crashpad::WinVMAddress, T *) [T = crashpad::process_types::PEB<crashpad::process_types::internal::Traits64>]: Only part of a ReadProcessMemory or WriteProcessMemory request was completed. (0x12B)
[0806/131346.799:ERROR:exception_snapshot_win.cc(98)] thread ID 7144 not found in process
[0806/131346.799:ERROR:exception_snapshot_win.cc(98)] thread ID 7888 not found in process
[0806/131346.814:ERROR:process_info.cc(551)] ReadProcessData failed
[0806/131346.799:ERROR:exception_snapshot_win.cc(98)] thread ID 5116 not found in process
